[1129/170227.551:ERROR:directory_reader_win.cc(43)] FindFirstFile: The system cannot find the path specified. (0x3)
[1130/132818.875:ERROR:directory_reader_win.cc(43)] FindFirstFile: The system cannot find the path specified. (0x3)
[1130/144423.488:ERROR:directory_reader_win.cc(43)] FindFirstFile: The system cannot find the path specified. (0x3)
[1130/151026.384:ERROR:directory_reader_win.cc(43)] FindFirstFile: The system cannot find the path specified. (0x3)
[1202/142704.537:ERROR:directory_reader_win.cc(43)] FindFirstFile: The system cannot find the path specified. (0x3)
[1202/143034.292:ERROR:directory_reader_win.cc(43)] FindFirstFile: The system cannot find the path specified. (0x3)
[1202/154245.744:ERROR:process_reader_win.cc(123)] NtOpenThread: {Access Denied} A process has requested access to an object, but has not been granted those access rights. (0xc0000022)
[1202/154245.746:ERROR:exception_snapshot_win.cc(99)] thread ID 7976 not found in process
[1202/154245.772:ERROR:process_reader_win.cc(151)] SuspendThread: Access is denied. (0x5)
[1202/154245.772:ERROR:exception_snapshot_win.cc(99)] thread ID 6364 not found in process
[1202/154245.772:ERROR:scoped_process_suspend.cc(40)] NtResumeProcess: An attempt was made to access an exiting process. (0xc000010a)
[1202/154255.795:ERROR:process_reader_win.cc(151)] SuspendThread: Access is denied. (0x5)
[1202/154255.796:ERROR:exception_snapshot_win.cc(99)] thread ID 3428 not found in process
[1202/154255.841:ERROR:process_reader_win.cc(151)] SuspendThread: Access is denied. (0x5)
[1202/154255.841:ERROR:process_reader_win.cc(151)] SuspendThread: Access is denied. (0x5)
[1202/154255.841:ERROR:process_reader_win.cc(151)] SuspendThread: Access is denied. (0x5)
[1202/154255.841:ERROR:process_reader_win.cc(151)] SuspendThread: Access is denied. (0x5)
[1202/154255.841:ERROR:process_reader_win.cc(151)] SuspendThread: Access is denied. (0x5)
[1202/154255.841:ERROR:process_reader_win.cc(151)] SuspendThread: Access is denied. (0x5)
[1202/154255.841:ERROR:process_reader_win.cc(151)] SuspendThread: Access is denied. (0x5)
[1202/154255.841:ERROR:process_reader_win.cc(151)] SuspendThread: Access is denied. (0x5)
[1202/154255.841:ERROR:process_reader_win.cc(151)] SuspendThread: Access is denied. (0x5)
[1202/154255.842:ERROR:process_reader_win.cc(151)] SuspendThread: Access is denied. (0x5)
[1202/154255.842:ERROR:process_reader_win.cc(151)] SuspendThread: Access is denied. (0x5)
[1202/154255.842:ERROR:process_reader_win.cc(151)] SuspendThread: Access is denied. (0x5)
[1202/154255.842:ERROR:process_reader_win.cc(151)] SuspendThread: Access is denied. (0x5)
[1202/154255.842:ERROR:process_reader_win.cc(151)] SuspendThread: Access is denied. (0x5)
[1202/154255.842:ERROR:process_reader_win.cc(151)] SuspendThread: Access is denied. (0x5)
[1202/154255.842:ERROR:process_reader_win.cc(151)] SuspendThread: Access is denied. (0x5)
[1202/154255.842:ERROR:process_reader_win.cc(151)] SuspendThread: Access is denied. (0x5)
[1202/154255.842:ERROR:process_reader_win.cc(151)] SuspendThread: Access is denied. (0x5)
[1202/154255.842:ERROR:process_reader_win.cc(151)] SuspendThread: Access is denied. (0x5)
[1202/154255.842:ERROR:process_reader_win.cc(151)] SuspendThread: Access is denied. (0x5)
[1202/154255.842:ERROR:process_reader_win.cc(151)] SuspendThread: Access is denied. (0x5)
[1202/154255.842:ERROR:process_reader_win.cc(151)] SuspendThread: Access is denied. (0x5)
[1202/154255.842:ERROR:process_reader_win.cc(123)] NtOpenThread: {Access Denied} A process has requested access to an object, but has not been granted those access rights. (0xc0000022)
[1202/154255.842:ERROR:exception_snapshot_win.cc(99)] thread ID 8720 not found in process
